-------------------------------
v. 202200512

Python packages installed:

- imageio
- opencv-python

R packages installed:

- sp
- psych
- raster

-------------------------------
v. 20220215

cprofiler environment packages

- ipykernel

cprofiler ipykernel added to jupyterlab

-------------------------------
v. 20220211.c

- Fiji software downloaded with Ilastik and DeepCell plugins

-------------------------------
v. 20220211.b

- Ilastik software downloaded

-------------------------------
v. 20220211

Docker container from gnasello/datascience-env:latest

Conda environment added:

- cprofiler from [https://github.com/CellProfiler/CellProfiler/wiki/Conda-Installation] 